N = 1
Move disk 1 from A to C
Number of steps: 1
N = 2
Move disk 1 from A to B
Move disk 2 from A to C
Move disk 1 from B to C
Number of steps: 3
N = 3
Move disk 1 from A to C
Move disk 2 from A to B
Move disk 1 from C to B
Move disk 3 from A to C
Move disk 1 from B to A
Move disk 2 from B to C
Move disk 1 from A to C
Number of steps: 7
N = 4
Move disk 1 from A to B
Move disk 2 from A to C
Move disk 1 from B to C
Move disk 3 from A to B
Move disk 1 from C to A
Move disk 2 from C to B
Move disk 1 from A to B
Move disk 4 from A to C
Move disk 1 from B to C
Move disk 2 from B to A
Move disk 1 from C to A
Move disk 3 from B to C
Move disk 1 from A to B
Move disk 2 from A to C
Move disk 1 from B to C
Number of steps: 15
N = 5
Move disk 1 from A to C
Move disk 2 from A to B
Move disk 1 from C to B
Move disk 3 from A to C
Move disk 1 from B to A
Move disk 2 from B to C
Move disk 1 from A to C
Move disk 4 from A to B
Move disk 1 from C to B
Move disk 2 from C to A
Move disk 1 from B to A
Move disk 3 from C to B
Move disk 1 from A to C
Move disk 2 from A to B
Move disk 1 from C to B
Move disk 5 from A to C
Move disk 1 from B to A
Move disk 2 from B to C
Move disk 1 from A to C
Move disk 3 from B to A
Move disk 1 from C to B
Move disk 2 from C to A
Move disk 1 from B to A
Move disk 4 from B to C
Move disk 1 from A to C
Move disk 2 from A to B
Move disk 1 from C to B
Move disk 3 from A to C
Move disk 1 from B to A
Move disk 2 from B to C
Move disk 1 from A to C
Number of steps: 31
N = 6
Move disk 1 from A to B
Move disk 2 from A to C
Move disk 1 from B to C
Move disk 3 from A to B
Move disk 1 from C to A
Move disk 2 from C to B
Move disk 1 from A to B
Move disk 4 from A to C
Move disk 1 from B to C
Move disk 2 from B to A
Move disk 1 from C to A
Move disk 3 from B to C
Move disk 1 from A to B
Move disk 2 from A to C
Move disk 1 from B to C
Move disk 5 from A to B
Move disk 1 from C to A
Move disk 2 from C to B
Move disk 1 from A to B
Move disk 3 from C to A
Move disk 1 from B to C
Move disk 2 from B to A
Move disk 1 from C to A
Move disk 4 from C to B
Move disk 1 from A to B
Move disk 2 from A to C
Move disk 1 from B to C
Move disk 3 from A to B
Move disk 1 from C to A
Move disk 2 from C to B
Move disk 1 from A to B
Move disk 6 from A to C
Move disk 1 from B to C
Move disk 2 from B to A
Move disk 1 from C to A
Move disk 3 from B to C
Move disk 1 from A to B
Move disk 2 from A to C
Move disk 1 from B to C
Move disk 4 from B to A
Move disk 1 from C to A
Move disk 2 from C to B
Move disk 1 from A to B
Move disk 3 from C to A
Move disk 1 from B to C
Move disk 2 from B to A
Move disk 1 from C to A
Move disk 5 from B to C
Move disk 1 from A to B
Move disk 2 from A to C
Move disk 1 from B to C
Move disk 3 from A to B
Move disk 1 from C to A
Move disk 2 from C to B
Move disk 1 from A to B
Move disk 4 from A to C
Move disk 1 from B to C
Move disk 2 from B to A
Move disk 1 from C to A
Move disk 3 from B to C
Move disk 1 from A to B
Move disk 2 from A to C
Move disk 1 from B to C
Number of steps: 63
N = 7
Move disk 1 from A to C
Move disk 2 from A to B
Move disk 1 from C to B
Move disk 3 from A to C
Move disk 1 from B to A
Move disk 2 from B to C
Move disk 1 from A to C
Move disk 4 from A to B
Move disk 1 from C to B
Move disk 2 from C to A
Move disk 1 from B to A
Move disk 3 from C to B
Move disk 1 from A to C
Move disk 2 from A to B
Move disk 1 from C to B
Move disk 5 from A to C
Move disk 1 from B to A
Move disk 2 from B to C
Move disk 1 from A to C
Move disk 3 from B to A
Move disk 1 from C to B
Move disk 2 from C to A
Move disk 1 from B to A
Move disk 4 from B to C
Move disk 1 from A to C
Move disk 2 from A to B
Move disk 1 from C to B
Move disk 3 from A to C
Move disk 1 from B to A
Move disk 2 from B to C
Move disk 1 from A to C
Move disk 6 from A to B
Move disk 1 from C to B
Move disk 2 from C to A
Move disk 1 from B to A
Move disk 3 from C to B
Move disk 1 from A to C
Move disk 2 from A to B
Move disk 1 from C to B
Move disk 4 from C to A
Move disk 1 from B to A
Move disk 2 from B to C
Move disk 1 from A to C
Move disk 3 from B to A
Move disk 1 from C to B
Move disk 2 from C to A
Move disk 1 from B to A
Move disk 5 from C to B
Move disk 1 from A to C
Move disk 2 from A to B
Move disk 1 from C to B
Move disk 3 from A to C
Move disk 1 from B to A
Move disk 2 from B to C
Move disk 1 from A to C
Move disk 4 from A to B
Move disk 1 from C to B
Move disk 2 from C to A
Move disk 1 from B to A
Move disk 3 from C to B
Move disk 1 from A to C
Move disk 2 from A to B
Move disk 1 from C to B
Move disk 7 from A to C
Move disk 1 from B to A
Move disk 2 from B to C
Move disk 1 from A to C
Move disk 3 from B to A
Move disk 1 from C to B
Move disk 2 from C to A
Move disk 1 from B to A
Move disk 4 from B to C
Move disk 1 from A to C
Move disk 2 from A to B
Move disk 1 from C to B
Move disk 3 from A to C
Move disk 1 from B to A
Move disk 2 from B to C
Move disk 1 from A to C
Move disk 5 from B to A
Move disk 1 from C to B
Move disk 2 from C to A
Move disk 1 from B to A
Move disk 3 from C to B
Move disk 1 from A to C
Move disk 2 from A to B
Move disk 1 from C to B
Move disk 4 from C to A
Move disk 1 from B to A
Move disk 2 from B to C
Move disk 1 from A to C
Move disk 3 from B to A
Move disk 1 from C to B
Move disk 2 from C to A
Move disk 1 from B to A
Move disk 6 from B to C
Move disk 1 from A to C
Move disk 2 from A to B
Move disk 1 from C to B
Move disk 3 from A to C
Move disk 1 from B to A
Move disk 2 from B to C
Move disk 1 from A to C
Move disk 4 from A to B
Move disk 1 from C to B
Move disk 2 from C to A
Move disk 1 from B to A
Move disk 3 from C to B
Move disk 1 from A to C
Move disk 2 from A to B
Move disk 1 from C to B
Move disk 5 from A to C
Move disk 1 from B to A
Move disk 2 from B to C
Move disk 1 from A to C
Move disk 3 from B to A
Move disk 1 from C to B
Move disk 2 from C to A
Move disk 1 from B to A
Move disk 4 from B to C
Move disk 1 from A to C
Move disk 2 from A to B
Move disk 1 from C to B
Move disk 3 from A to C
Move disk 1 from B to A
Move disk 2 from B to C
Move disk 1 from A to C
Number of steps: 127
N = 8
Move disk 1 from A to B
Move disk 2 from A to C
Move disk 1 from B to C
Move disk 3 from A to B
Move disk 1 from C to A
Move disk 2 from C to B
Move disk 1 from A to B
Move disk 4 from A to C
Move disk 1 from B to C
Move disk 2 from B to A
Move disk 1 from C to A
Move disk 3 from B to C
Move disk 1 from A to B
Move disk 2 from A to C
Move disk 1 from B to C
Move disk 5 from A to B
Move disk 1 from C to A
Move disk 2 from C to B
Move disk 1 from A to B
Move disk 3 from C to A
Move disk 1 from B to C
Move disk 2 from B to A
Move disk 1 from C to A
Move disk 4 from C to B
Move disk 1 from A to B
Move disk 2 from A to C
Move disk 1 from B to C
Move disk 3 from A to B
Move disk 1 from C to A
Move disk 2 from C to B
Move disk 1 from A to B
Move disk 6 from A to C
Move disk 1 from B to C
Move disk 2 from B to A
Move disk 1 from C to A
Move disk 3 from B to C
Move disk 1 from A to B
Move disk 2 from A to C
Move disk 1 from B to C
Move disk 4 from B to A
Move disk 1 from C to A
Move disk 2 from C to B
Move disk 1 from A to B
Move disk 3 from C to A
Move disk 1 from B to C
Move disk 2 from B to A
Move disk 1 from C to A
Move disk 5 from B to C
Move disk 1 from A to B
Move disk 2 from A to C
Move disk 1 from B to C
Move disk 3 from A to B
Move disk 1 from C to A
Move disk 2 from C to B
Move disk 1 from A to B
Move disk 4 from A to C
Move disk 1 from B to C
Move disk 2 from B to A
Move disk 1 from C to A
Move disk 3 from B to C
Move disk 1 from A to B
Move disk 2 from A to C
Move disk 1 from B to C
Move disk 7 from A to B
Move disk 1 from C to A
Move disk 2 from C to B
Move disk 1 from A to B
Move disk 3 from C to A
Move disk 1 from B to C
Move disk 2 from B to A
Move disk 1 from C to A
Move disk 4 from C to B
Move disk 1 from A to B
Move disk 2 from A to C
Move disk 1 from B to C
Move disk 3 from A to B
Move disk 1 from C to A
Move disk 2 from C to B
Move disk 1 from A to B
Move disk 5 from C to A
Move disk 1 from B to C
Move disk 2 from B to A
Move disk 1 from C to A
Move disk 3 from B to C
Move disk 1 from A to B
Move disk 2 from A to C
Move disk 1 from B to C
Move disk 4 from B to A
Move disk 1 from C to A
Move disk 2 from C to B
Move disk 1 from A to B
Move disk 3 from C to A
Move disk 1 from B to C
Move disk 2 from B to A
Move disk 1 from C to A
Move disk 6 from C to B
Move disk 1 from A to B
Move disk 2 from A to C
Move disk 1 from B to C
Move disk 3 from A to B
Move disk 1 from C to A
Move disk 2 from C to B
Move disk 1 from A to B
Move disk 4 from A to C
Move disk 1 from B to C
Move disk 2 from B to A
Move disk 1 from C to A
Move disk 3 from B to C
Move disk 1 from A to B
Move disk 2 from A to C
Move disk 1 from B to C
Move disk 5 from A to B
Move disk 1 from C to A
Move disk 2 from C to B
Move disk 1 from A to B
Move disk 3 from C to A
Move disk 1 from B to C
Move disk 2 from B to A
Move disk 1 from C to A
Move disk 4 from C to B
Move disk 1 from A to B
Move disk 2 from A to C
Move disk 1 from B to C
Move disk 3 from A to B
Move disk 1 from C to A
Move disk 2 from C to B
Move disk 1 from A to B
Move disk 8 from A to C
Move disk 1 from B to C
Move disk 2 from B to A
Move disk 1 from C to A
Move disk 3 from B to C
Move disk 1 from A to B
Move disk 2 from A to C
Move disk 1 from B to C
Move disk 4 from B to A
Move disk 1 from C to A
Move disk 2 from C to B
Move disk 1 from A to B
Move disk 3 from C to A
Move disk 1 from B to C
Move disk 2 from B to A
Move disk 1 from C to A
Move disk 5 from B to C
Move disk 1 from A to B
Move disk 2 from A to C
Move disk 1 from B to C
Move disk 3 from A to B
Move disk 1 from C to A
Move disk 2 from C to B
Move disk 1 from A to B
Move disk 4 from A to C
Move disk 1 from B to C
Move disk 2 from B to A
Move disk 1 from C to A
Move disk 3 from B to C
Move disk 1 from A to B
Move disk 2 from A to C
Move disk 1 from B to C
Move disk 6 from B to A
Move disk 1 from C to A
Move disk 2 from C to B
Move disk 1 from A to B
Move disk 3 from C to A
Move disk 1 from B to C
Move disk 2 from B to A
Move disk 1 from C to A
Move disk 4 from C to B
Move disk 1 from A to B
Move disk 2 from A to C
Move disk 1 from B to C
Move disk 3 from A to B
Move disk 1 from C to A
Move disk 2 from C to B
Move disk 1 from A to B
Move disk 5 from C to A
Move disk 1 from B to C
Move disk 2 from B to A
Move disk 1 from C to A
Move disk 3 from B to C
Move disk 1 from A to B
Move disk 2 from A to C
Move disk 1 from B to C
Move disk 4 from B to A
Move disk 1 from C to A
Move disk 2 from C to B
Move disk 1 from A to B
Move disk 3 from C to A
Move disk 1 from B to C
Move disk 2 from B to A
Move disk 1 from C to A
Move disk 7 from B to C
Move disk 1 from A to B
Move disk 2 from A to C
Move disk 1 from B to C
Move disk 3 from A to B
Move disk 1 from C to A
Move disk 2 from C to B
Move disk 1 from A to B
Move disk 4 from A to C
Move disk 1 from B to C
Move disk 2 from B to A
Move disk 1 from C to A
Move disk 3 from B to C
Move disk 1 from A to B
Move disk 2 from A to C
Move disk 1 from B to C
Move disk 5 from A to B
Move disk 1 from C to A
Move disk 2 from C to B
Move disk 1 from A to B
Move disk 3 from C to A
Move disk 1 from B to C
Move disk 2 from B to A
Move disk 1 from C to A
Move disk 4 from C to B
Move disk 1 from A to B
Move disk 2 from A to C
Move disk 1 from B to C
Move disk 3 from A to B
Move disk 1 from C to A
Move disk 2 from C to B
Move disk 1 from A to B
Move disk 6 from A to C
Move disk 1 from B to C
Move disk 2 from B to A
Move disk 1 from C to A
Move disk 3 from B to C
Move disk 1 from A to B
Move disk 2 from A to C
Move disk 1 from B to C
Move disk 4 from B to A
Move disk 1 from C to A
Move disk 2 from C to B
Move disk 1 from A to B
Move disk 3 from C to A
Move disk 1 from B to C
Move disk 2 from B to A
Move disk 1 from C to A
Move disk 5 from B to C
Move disk 1 from A to B
Move disk 2 from A to C
Move disk 1 from B to C
Move disk 3 from A to B
Move disk 1 from C to A
Move disk 2 from C to B
Move disk 1 from A to B
Move disk 4 from A to C
Move disk 1 from B to C
Move disk 2 from B to A
Move disk 1 from C to A
Move disk 3 from B to C
Move disk 1 from A to B
Move disk 2 from A to C
Move disk 1 from B to C
Number of steps: 255
N = 9
Move disk 1 from A to C
Move disk 2 from A to B
Move disk 1 from C to B
Move disk 3 from A to C
Move disk 1 from B to A
Move disk 2 from B to C
Move disk 1 from A to C
Move disk 4 from A to B
Move disk 1 from C to B
Move disk 2 from C to A
Move disk 1 from B to A
Move disk 3 from C to B
Move disk 1 from A to C
Move disk 2 from A to B
Move disk 1 from C to B
Move disk 5 from A to C
Move disk 1 from B to A
Move disk 2 from B to C
Move disk 1 from A to C
Move disk 3 from B to A
Move disk 1 from C to B
Move disk 2 from C to A
Move disk 1 from B to A
Move disk 4 from B to C
Move disk 1 from A to C
Move disk 2 from A to B
Move disk 1 from C to B
Move disk 3 from A to C
Move disk 1 from B to A
Move disk 2 from B to C
Move disk 1 from A to C
Move disk 6 from A to B
Move disk 1 from C to B
Move disk 2 from C to A
Move disk 1 from B to A
Move disk 3 from C to B
Move disk 1 from A to C
Move disk 2 from A to B
Move disk 1 from C to B
Move disk 4 from C to A
Move disk 1 from B to A
Move disk 2 from B to C
Move disk 1 from A to C
Move disk 3 from B to A
Move disk 1 from C to B
Move disk 2 from C to A
Move disk 1 from B to A
Move disk 5 from C to B
Move disk 1 from A to C
Move disk 2 from A to B
Move disk 1 from C to B
Move disk 3 from A to C
Move disk 1 from B to A
Move disk 2 from B to C
Move disk 1 from A to C
Move disk 4 from A to B
Move disk 1 from C to B
Move disk 2 from C to A
Move disk 1 from B to A
Move disk 3 from C to B
Move disk 1 from A to C
Move disk 2 from A to B
Move disk 1 from C to B
Move disk 7 from A to C
Move disk 1 from B to A
Move disk 2 from B to C
Move disk 1 from A to C
Move disk 3 from B to A
Move disk 1 from C to B
Move disk 2 from C to A
Move disk 1 from B to A
Move disk 4 from B to C
Move disk 1 from A to C
Move disk 2 from A to B
Move disk 1 from C to B
Move disk 3 from A to C
Move disk 1 from B to A
Move disk 2 from B to C
Move disk 1 from A to C
Move disk 5 from B to A
Move disk 1 from C to B
Move disk 2 from C to A
Move disk 1 from B to A
Move disk 3 from C to B
Move disk 1 from A to C
Move disk 2 from A to B
Move disk 1 from C to B
Move disk 4 from C to A
Move disk 1 from B to A
Move disk 2 from B to C
Move disk 1 from A to C
Move disk 3 from B to A
Move disk 1 from C to B
Move disk 2 from C to A
Move disk 1 from B to A
Move disk 6 from B to C
Move disk 1 from A to C
Move disk 2 from A to B
Move disk 1 from C to B
Move disk 3 from A to C
Move disk 1 from B to A
Move disk 2 from B to C
Move disk 1 from A to C
Move disk 4 from A to B
Move disk 1 from C to B
Move disk 2 from C to A
Move disk 1 from B to A
Move disk 3 from C to B
Move disk 1 from A to C
Move disk 2 from A to B
Move disk 1 from C to B
Move disk 5 from A to C
Move disk 1 from B to A
Move disk 2 from B to C
Move disk 1 from A to C
Move disk 3 from B to A
Move disk 1 from C to B
Move disk 2 from C to A
Move disk 1 from B to A
Move disk 4 from B to C
Move disk 1 from A to C
Move disk 2 from A to B
Move disk 1 from C to B
Move disk 3 from A to C
Move disk 1 from B to A
Move disk 2 from B to C
Move disk 1 from A to C
Move disk 8 from A to B
Move disk 1 from C to B
Move disk 2 from C to A
Move disk 1 from B to A
Move disk 3 from C to B
Move disk 1 from A to C
Move disk 2 from A to B
Move disk 1 from C to B
Move disk 4 from C to A
Move disk 1 from B to A
Move disk 2 from B to C
Move disk 1 from A to C
Move disk 3 from B to A
Move disk 1 from C to B
Move disk 2 from C to A
Move disk 1 from B to A
Move disk 5 from C to B
Move disk 1 from A to C
Move disk 2 from A to B
Move disk 1 from C to B
Move disk 3 from A to C
Move disk 1 from B to A
Move disk 2 from B to C
Move disk 1 from A to C
Move disk 4 from A to B
Move disk 1 from C to B
Move disk 2 from C to A
Move disk 1 from B to A
Move disk 3 from C to B
Move disk 1 from A to C
Move disk 2 from A to B
Move disk 1 from C to B
Move disk 6 from C to A
Move disk 1 from B to A
Move disk 2 from B to C
Move disk 1 from A to C
Move disk 3 from B to A
Move disk 1 from C to B
Move disk 2 from C to A
Move disk 1 from B to A
Move disk 4 from B to C
Move disk 1 from A to C
Move disk 2 from A to B
Move disk 1 from C to B
Move disk 3 from A to C
Move disk 1 from B to A
Move disk 2 from B to C
Move disk 1 from A to C
Move disk 5 from B to A
Move disk 1 from C to B
Move disk 2 from C to A
Move disk 1 from B to A
Move disk 3 from C to B
Move disk 1 from A to C
Move disk 2 from A to B
Move disk 1 from C to B
Move disk 4 from C to A
Move disk 1 from B to A
Move disk 2 from B to C
Move disk 1 from A to C
Move disk 3 from B to A
Move disk 1 from C to B
Move disk 2 from C to A
Move disk 1 from B to A
Move disk 7 from C to B
Move disk 1 from A to C
Move disk 2 from A to B
Move disk 1 from C to B
Move disk 3 from A to C
Move disk 1 from B to A
Move disk 2 from B to C
Move disk 1 from A to C
Move disk 4 from A to B
Move disk 1 from C to B
Move disk 2 from C to A
Move disk 1 from B to A
Move disk 3 from C to B
Move disk 1 from A to C
Move disk 2 from A to B
Move disk 1 from C to B
Move disk 5 from A to C
Move disk 1 from B to A
Move disk 2 from B to C
Move disk 1 from A to C
Move disk 3 from B to A
Move disk 1 from C to B
Move disk 2 from C to A
Move disk 1 from B to A
Move disk 4 from B to C
Move disk 1 from A to C
Move disk 2 from A to B
Move disk 1 from C to B
Move disk 3 from A to C
Move disk 1 from B to A
Move disk 2 from B to C
Move disk 1 from A to C
Move disk 6 from A to B
Move disk 1 from C to B
Move disk 2 from C to A
Move disk 1 from B to A
Move disk 3 from C to B
Move disk 1 from A to C
Move disk 2 from A to B
Move disk 1 from C to B
Move disk 4 from C to A
Move disk 1 from B to A
Move disk 2 from B to C
Move disk 1 from A to C
Move disk 3 from B to A
Move disk 1 from C to B
Move disk 2 from C to A
Move disk 1 from B to A
Move disk 5 from C to B
Move disk 1 from A to C
Move disk 2 from A to B
Move disk 1 from C to B
Move disk 3 from A to C
Move disk 1 from B to A
Move disk 2 from B to C
Move disk 1 from A to C
Move disk 4 from A to B
Move disk 1 from C to B
Move disk 2 from C to A
Move disk 1 from B to A
Move disk 3 from C to B
Move disk 1 from A to C
Move disk 2 from A to B
Move disk 1 from C to B
Move disk 9 from A to C
Move disk 1 from B to A
Move disk 2 from B to C
Move disk 1 from A to C
Move disk 3 from B to A
Move disk 1 from C to B
Move disk 2 from C to A
Move disk 1 from B to A
Move disk 4 from B to C
Move disk 1 from A to C
Move disk 2 from A to B
Move disk 1 from C to B
Move disk 3 from A to C
Move disk 1 from B to A
Move disk 2 from B to C
Move disk 1 from A to C
Move disk 5 from B to A
Move disk 1 from C to B
Move disk 2 from C to A
Move disk 1 from B to A
Move disk 3 from C to B
Move disk 1 from A to C
Move disk 2 from A to B
Move disk 1 from C to B
Move disk 4 from C to A
Move disk 1 from B to A
Move disk 2 from B to C
Move disk 1 from A to C
Move disk 3 from B to A
Move disk 1 from C to B
Move disk 2 from C to A
Move disk 1 from B to A
Move disk 6 from B to C
Move disk 1 from A to C
Move disk 2 from A to B
Move disk 1 from C to B
Move disk 3 from A to C
Move disk 1 from B to A
Move disk 2 from B to C
Move disk 1 from A to C
Move disk 4 from A to B
Move disk 1 from C to B
Move disk 2 from C to A
Move disk 1 from B to A
Move disk 3 from C to B
Move disk 1 from A to C
Move disk 2 from A to B
Move disk 1 from C to B
Move disk 5 from A to C
Move disk 1 from B to A
Move disk 2 from B to C
Move disk 1 from A to C
Move disk 3 from B to A
Move disk 1 from C to B
Move disk 2 from C to A
Move disk 1 from B to A
Move disk 4 from B to C
Move disk 1 from A to C
Move disk 2 from A to B
Move disk 1 from C to B
Move disk 3 from A to C
Move disk 1 from B to A
Move disk 2 from B to C
Move disk 1 from A to C
Move disk 7 from B to A
Move disk 1 from C to B
Move disk 2 from C to A
Move disk 1 from B to A
Move disk 3 from C to B
Move disk 1 from A to C
Move disk 2 from A to B
Move disk 1 from C to B
Move disk 4 from C to A
Move disk 1 from B to A
Move disk 2 from B to C
Move disk 1 from A to C
Move disk 3 from B to A
Move disk 1 from C to B
Move disk 2 from C to A
Move disk 1 from B to A
Move disk 5 from C to B
Move disk 1 from A to C
Move disk 2 from A to B
Move disk 1 from C to B
Move disk 3 from A to C
Move disk 1 from B to A
Move disk 2 from B to C
Move disk 1 from A to C
Move disk 4 from A to B
Move disk 1 from C to B
Move disk 2 from C to A
Move disk 1 from B to A
Move disk 3 from C to B
Move disk 1 from A to C
Move disk 2 from A to B
Move disk 1 from C to B
Move disk 6 from C to A
Move disk 1 from B to A
Move disk 2 from B to C
Move disk 1 from A to C
Move disk 3 from B to A
Move disk 1 from C to B
Move disk 2 from C to A
Move disk 1 from B to A
Move disk 4 from B to C
Move disk 1 from A to C
Move disk 2 from A to B
Move disk 1 from C to B
Move disk 3 from A to C
Move disk 1 from B to A
Move disk 2 from B to C
Move disk 1 from A to C
Move disk 5 from B to A
Move disk 1 from C to B
Move disk 2 from C to A
Move disk 1 from B to A
Move disk 3 from C to B
Move disk 1 from A to C
Move disk 2 from A to B
Move disk 1 from C to B
Move disk 4 from C to A
Move disk 1 from B to A
Move disk 2 from B to C
Move disk 1 from A to C
Move disk 3 from B to A
Move disk 1 from C to B
Move disk 2 from C to A
Move disk 1 from B to A
Move disk 8 from B to C
Move disk 1 from A to C
Move disk 2 from A to B
Move disk 1 from C to B
Move disk 3 from A to C
Move disk 1 from B to A
Move disk 2 from B to C
Move disk 1 from A to C
Move disk 4 from A to B
Move disk 1 from C to B
Move disk 2 from C to A
Move disk 1 from B to A
Move disk 3 from C to B
Move disk 1 from A to C
Move disk 2 from A to B
Move disk 1 from C to B
Move disk 5 from A to C
Move disk 1 from B to A
Move disk 2 from B to C
Move disk 1 from A to C
Move disk 3 from B to A
Move disk 1 from C to B
Move disk 2 from C to A
Move disk 1 from B to A
Move disk 4 from B to C
Move disk 1 from A to C
Move disk 2 from A to B
Move disk 1 from C to B
Move disk 3 from A to C
Move disk 1 from B to A
Move disk 2 from B to C
Move disk 1 from A to C
Move disk 6 from A to B
Move disk 1 from C to B
Move disk 2 from C to A
Move disk 1 from B to A
Move disk 3 from C to B
Move disk 1 from A to C
Move disk 2 from A to B
Move disk 1 from C to B
Move disk 4 from C to A
Move disk 1 from B to A
Move disk 2 from B to C
Move disk 1 from A to C
Move disk 3 from B to A
Move disk 1 from C to B
Move disk 2 from C to A
Move disk 1 from B to A
Move disk 5 from C to B
Move disk 1 from A to C
Move disk 2 from A to B
Move disk 1 from C to B
Move disk 3 from A to C
Move disk 1 from B to A
Move disk 2 from B to C
Move disk 1 from A to C
Move disk 4 from A to B
Move disk 1 from C to B
Move disk 2 from C to A
Move disk 1 from B to A
Move disk 3 from C to B
Move disk 1 from A to C
Move disk 2 from A to B
Move disk 1 from C to B
Move disk 7 from A to C
Move disk 1 from B to A
Move disk 2 from B to C
Move disk 1 from A to C
Move disk 3 from B to A
Move disk 1 from C to B
Move disk 2 from C to A
Move disk 1 from B to A
Move disk 4 from B to C
Move disk 1 from A to C
Move disk 2 from A to B
Move disk 1 from C to B
Move disk 3 from A to C
Move disk 1 from B to A
Move disk 2 from B to C
Move disk 1 from A to C
Move disk 5 from B to A
Move disk 1 from C to B
Move disk 2 from C to A
Move disk 1 from B to A
Move disk 3 from C to B
Move disk 1 from A to C
Move disk 2 from A to B
Move disk 1 from C to B
Move disk 4 from C to A
Move disk 1 from B to A
Move disk 2 from B to C
Move disk 1 from A to C
Move disk 3 from B to A
Move disk 1 from C to B
Move disk 2 from C to A
Move disk 1 from B to A
Move disk 6 from B to C
Move disk 1 from A to C
Move disk 2 from A to B
Move disk 1 from C to B
Move disk 3 from A to C
Move disk 1 from B to A
Move disk 2 from B to C
Move disk 1 from A to C
Move disk 4 from A to B
Move disk 1 from C to B
Move disk 2 from C to A
Move disk 1 from B to A
Move disk 3 from C to B
Move disk 1 from A to C
Move disk 2 from A to B
Move disk 1 from C to B
Move disk 5 from A to C
Move disk 1 from B to A
Move disk 2 from B to C
Move disk 1 from A to C
Move disk 3 from B to A
Move disk 1 from C to B
Move disk 2 from C to A
Move disk 1 from B to A
Move disk 4 from B to C
Move disk 1 from A to C
Move disk 2 from A to B
Move disk 1 from C to B
Move disk 3 from A to C
Move disk 1 from B to A
Move disk 2 from B to C
Move disk 1 from A to C
Number of steps: 511
N = 10
Move disk 1 from A to B
Move disk 2 from A to C
Move disk 1 from B to C
Move disk 3 from A to B
Move disk 1 from C to A
Move disk 2 from C to B
Move disk 1 from A to B
Move disk 4 from A to C
Move disk 1 from B to C
Move disk 2 from B to A
Move disk 1 from C to A
Move disk 3 from B to C
Move disk 1 from A to B
Move disk 2 from A to C
Move disk 1 from B to C
Move disk 5 from A to B
Move disk 1 from C to A
Move disk 2 from C to B
Move disk 1 from A to B
Move disk 3 from C to A
Move disk 1 from B to C
Move disk 2 from B to A
Move disk 1 from C to A
Move disk 4 from C to B
Move disk 1 from A to B
Move disk 2 from A to C
Move disk 1 from B to C
Move disk 3 from A to B
Move disk 1 from C to A
Move disk 2 from C to B
Move disk 1 from A to B
Move disk 6 from A to C
Move disk 1 from B to C
Move disk 2 from B to A
Move disk 1 from C to A
Move disk 3 from B to C
Move disk 1 from A to B
Move disk 2 from A to C
Move disk 1 from B to C
Move disk 4 from B to A
Move disk 1 from C to A
Move disk 2 from C to B
Move disk 1 from A to B
Move disk 3 from C to A
Move disk 1 from B to C
Move disk 2 from B to A
Move disk 1 from C to A
Move disk 5 from B to C
Move disk 1 from A to B
Move disk 2 from A to C
Move disk 1 from B to C
Move disk 3 from A to B
Move disk 1 from C to A
Move disk 2 from C to B
Move disk 1 from A to B
Move disk 4 from A to C
Move disk 1 from B to C
Move disk 2 from B to A
Move disk 1 from C to A
Move disk 3 from B to C
Move disk 1 from A to B
Move disk 2 from A to C
Move disk 1 from B to C
Move disk 7 from A to B
Move disk 1 from C to A
Move disk 2 from C to B
Move disk 1 from A to B
Move disk 3 from C to A
Move disk 1 from B to C
Move disk 2 from B to A
Move disk 1 from C to A
Move disk 4 from C to B
Move disk 1 from A to B
Move disk 2 from A to C
Move disk 1 from B to C
Move disk 3 from A to B
Move disk 1 from C to A
Move disk 2 from C to B
Move disk 1 from A to B
Move disk 5 from C to A
Move disk 1 from B to C
Move disk 2 from B to A
Move disk 1 from C to A
Move disk 3 from B to C
Move disk 1 from A to B
Move disk 2 from A to C
Move disk 1 from B to C
Move disk 4 from B to A
Move disk 1 from C to A
Move disk 2 from C to B
Move disk 1 from A to B
Move disk 3 from C to A
Move disk 1 from B to C
Move disk 2 from B to A
Move disk 1 from C to A
Move disk 6 from C to B
Move disk 1 from A to B
Move disk 2 from A to C
Move disk 1 from B to C
Move disk 3 from A to B
Move disk 1 from C to A
Move disk 2 from C to B
Move disk 1 from A to B
Move disk 4 from A to C
Move disk 1 from B to C
Move disk 2 from B to A
Move disk 1 from C to A
Move disk 3 from B to C
Move disk 1 from A to B
Move disk 2 from A to C
Move disk 1 from B to C
Move disk 5 from A to B
Move disk 1 from C to A
Move disk 2 from C to B
Move disk 1 from A to B
Move disk 3 from C to A
Move disk 1 from B to C
Move disk 2 from B to A
Move disk 1 from C to A
Move disk 4 from C to B
Move disk 1 from A to B
Move disk 2 from A to C
Move disk 1 from B to C
Move disk 3 from A to B
Move disk 1 from C to A
Move disk 2 from C to B
Move disk 1 from A to B
Move disk 8 from A to C
Move disk 1 from B to C
Move disk 2 from B to A
Move disk 1 from C to A
Move disk 3 from B to C
Move disk 1 from A to B
Move disk 2 from A to C
Move disk 1 from B to C
Move disk 4 from B to A
Move disk 1 from C to A
Move disk 2 from C to B
Move disk 1 from A to B
Move disk 3 from C to A
Move disk 1 from B to C
Move disk 2 from B to A
Move disk 1 from C to A
Move disk 5 from B to C
Move disk 1 from A to B
Move disk 2 from A to C
Move disk 1 from B to C
Move disk 3 from A to B
Move disk 1 from C to A
Move disk 2 from C to B
Move disk 1 from A to B
Move disk 4 from A to C
Move disk 1 from B to C
Move disk 2 from B to A
Move disk 1 from C to A
Move disk 3 from B to C
Move disk 1 from A to B
Move disk 2 from A to C
Move disk 1 from B to C
Move disk 6 from B to A
Move disk 1 from C to A
Move disk 2 from C to B
Move disk 1 from A to B
Move disk 3 from C to A
Move disk 1 from B to C
Move disk 2 from B to A
Move disk 1 from C to A
Move disk 4 from C to B
Move disk 1 from A to B
Move disk 2 from A to C
Move disk 1 from B to C
Move disk 3 from A to B
Move disk 1 from C to A
Move disk 2 from C to B
Move disk 1 from A to B
Move disk 5 from C to A
Move disk 1 from B to C
Move disk 2 from B to A
Move disk 1 from C to A
Move disk 3 from B to C
Move disk 1 from A to B
Move disk 2 from A to C
Move disk 1 from B to C
Move disk 4 from B to A
Move disk 1 from C to A
Move disk 2 from C to B
Move disk 1 from A to B
Move disk 3 from C to A
Move disk 1 from B to C
Move disk 2 from B to A
Move disk 1 from C to A
Move disk 7 from B to C
Move disk 1 from A to B
Move disk 2 from A to C
Move disk 1 from B to C
Move disk 3 from A to B
Move disk 1 from C to A
Move disk 2 from C to B
Move disk 1 from A to B
Move disk 4 from A to C
Move disk 1 from B to C
Move disk 2 from B to A
Move disk 1 from C to A
Move disk 3 from B to C
Move disk 1 from A to B
Move disk 2 from A to C
Move disk 1 from B to C
Move disk 5 from A to B
Move disk 1 from C to A
Move disk 2 from C to B
Move disk 1 from A to B
Move disk 3 from C to A
Move disk 1 from B to C
Move disk 2 from B to A
Move disk 1 from C to A
Move disk 4 from C to B
Move disk 1 from A to B
Move disk 2 from A to C
Move disk 1 from B to C
Move disk 3 from A to B
Move disk 1 from C to A
Move disk 2 from C to B
Move disk 1 from A to B
Move disk 6 from A to C
Move disk 1 from B to C
Move disk 2 from B to A
Move disk 1 from C to A
Move disk 3 from B to C
Move disk 1 from A to B
Move disk 2 from A to C
Move disk 1 from B to C
Move disk 4 from B to A
Move disk 1 from C to A
Move disk 2 from C to B
Move disk 1 from A to B
Move disk 3 from C to A
Move disk 1 from B to C
Move disk 2 from B to A
Move disk 1 from C to A
Move disk 5 from B to C
Move disk 1 from A to B
Move disk 2 from A to C
Move disk 1 from B to C
Move disk 3 from A to B
Move disk 1 from C to A
Move disk 2 from C to B
Move disk 1 from A to B
Move disk 4 from A to C
Move disk 1 from B to C
Move disk 2 from B to A
Move disk 1 from C to A
Move disk 3 from B to C
Move disk 1 from A to B
Move disk 2 from A to C
Move disk 1 from B to C
Move disk 9 from A to B
Move disk 1 from C to A
Move disk 2 from C to B
Move disk 1 from A to B
Move disk 3 from C to A
Move disk 1 from B to C
Move disk 2 from B to A
Move disk 1 from C to A
Move disk 4 from C to B
Move disk 1 from A to B
Move disk 2 from A to C
Move disk 1 from B to C
Move disk 3 from A to B
Move disk 1 from C to A
Move disk 2 from C to B
Move disk 1 from A to B
Move disk 5 from C to A
Move disk 1 from B to C
Move disk 2 from B to A
Move disk 1 from C to A
Move disk 3 from B to C
Move disk 1 from A to B
Move disk 2 from A to C
Move disk 1 from B to C
Move disk 4 from B to A
Move disk 1 from C to A
Move disk 2 from C to B
Move disk 1 from A to B
Move disk 3 from C to A
Move disk 1 from B to C
Move disk 2 from B to A
Move disk 1 from C to A
Move disk 6 from C to B
Move disk 1 from A to B
Move disk 2 from A to C
Move disk 1 from B to C
Move disk 3 from A to B
Move disk 1 from C to A
Move disk 2 from C to B
Move disk 1 from A to B
Move disk 4 from A to C
Move disk 1 from B to C
Move disk 2 from B to A
Move disk 1 from C to A
Move disk 3 from B to C
Move disk 1 from A to B
Move disk 2 from A to C
Move disk 1 from B to C
Move disk 5 from A to B
Move disk 1 from C to A
Move disk 2 from C to B
Move disk 1 from A to B
Move disk 3 from C to A
Move disk 1 from B to C
Move disk 2 from B to A
Move disk 1 from C to A
Move disk 4 from C to B
Move disk 1 from A to B
Move disk 2 from A to C
Move disk 1 from B to C
Move disk 3 from A to B
Move disk 1 from C to A
Move disk 2 from C to B
Move disk 1 from A to B
Move disk 7 from C to A
Move disk 1 from B to C
Move disk 2 from B to A
Move disk 1 from C to A
Move disk 3 from B to C
Move disk 1 from A to B
Move disk 2 from A to C
Move disk 1 from B to C
Move disk 4 from B to A
Move disk 1 from C to A
Move disk 2 from C to B
Move disk 1 from A to B
Move disk 3 from C to A
Move disk 1 from B to C
Move disk 2 from B to A
Move disk 1 from C to A
Move disk 5 from B to C
Move disk 1 from A to B
Move disk 2 from A to C
Move disk 1 from B to C
Move disk 3 from A to B
Move disk 1 from C to A
Move disk 2 from C to B
Move disk 1 from A to B
Move disk 4 from A to C
Move disk 1 from B to C
Move disk 2 from B to A
Move disk 1 from C to A
Move disk 3 from B to C
Move disk 1 from A to B
Move disk 2 from A to C
Move disk 1 from B to C
Move disk 6 from B to A
Move disk 1 from C to A
Move disk 2 from C to B
Move disk 1 from A to B
Move disk 3 from C to A
Move disk 1 from B to C
Move disk 2 from B to A
Move disk 1 from C to A
Move disk 4 from C to B
Move disk 1 from A to B
Move disk 2 from A to C
Move disk 1 from B to C
Move disk 3 from A to B
Move disk 1 from C to A
Move disk 2 from C to B
Move disk 1 from A to B
Move disk 5 from C to A
Move disk 1 from B to C
Move disk 2 from B to A
Move disk 1 from C to A
Move disk 3 from B to C
Move disk 1 from A to B
Move disk 2 from A to C
Move disk 1 from B to C
Move disk 4 from B to A
Move disk 1 from C to A
Move disk 2 from C to B
Move disk 1 from A to B
Move disk 3 from C to A
Move disk 1 from B to C
Move disk 2 from B to A
Move disk 1 from C to A
Move disk 8 from C to B
Move disk 1 from A to B
Move disk 2 from A to C
Move disk 1 from B to C
Move disk 3 from A to B
Move disk 1 from C to A
Move disk 2 from C to B
Move disk 1 from A to B
Move disk 4 from A to C
Move disk 1 from B to C
Move disk 2 from B to A
Move disk 1 from C to A
Move disk 3 from B to C
Move disk 1 from A to B
Move disk 2 from A to C
Move disk 1 from B to C
Move disk 5 from A to B
Move disk 1 from C to A
Move disk 2 from C to B
Move disk 1 from A to B
Move disk 3 from C to A
Move disk 1 from B to C
Move disk 2 from B to A
Move disk 1 from C to A
Move disk 4 from C to B
Move disk 1 from A to B
Move disk 2 from A to C
Move disk 1 from B to C
Move disk 3 from A to B
Move disk 1 from C to A
Move disk 2 from C to B
Move disk 1 from A to B
Move disk 6 from A to C
Move disk 1 from B to C
Move disk 2 from B to A
Move disk 1 from C to A
Move disk 3 from B to C
Move disk 1 from A to B
Move disk 2 from A to C
Move disk 1 from B to C
Move disk 4 from B to A
Move disk 1 from C to A
Move disk 2 from C to B
Move disk 1 from A to B
Move disk 3 from C to A
Move disk 1 from B to C
Move disk 2 from B to A
Move disk 1 from C to A
Move disk 5 from B to C
Move disk 1 from A to B
Move disk 2 from A to C
Move disk 1 from B to C
Move disk 3 from A to B
Move disk 1 from C to A
Move disk 2 from C to B
Move disk 1 from A to B
Move disk 4 from A to C
Move disk 1 from B to C
Move disk 2 from B to A
Move disk 1 from C to A
Move disk 3 from B to C
Move disk 1 from A to B
Move disk 2 from A to C
Move disk 1 from B to C
Move disk 7 from A to B
Move disk 1 from C to A
Move disk 2 from C to B
Move disk 1 from A to B
Move disk 3 from C to A
Move disk 1 from B to C
Move disk 2 from B to A
Move disk 1 from C to A
Move disk 4 from C to B
Move disk 1 from A to B
Move disk 2 from A to C
Move disk 1 from B to C
Move disk 3 from A to B
Move disk 1 from C to A
Move disk 2 from C to B
Move disk 1 from A to B
Move disk 5 from C to A
Move disk 1 from B to C
Move disk 2 from B to A
Move disk 1 from C to A
Move disk 3 from B to C
Move disk 1 from A to B
Move disk 2 from A to C
Move disk 1 from B to C
Move disk 4 from B to A
Move disk 1 from C to A
Move disk 2 from C to B
Move disk 1 from A to B
Move disk 3 from C to A
Move disk 1 from B to C
Move disk 2 from B to A
Move disk 1 from C to A
Move disk 6 from C to B
Move disk 1 from A to B
Move disk 2 from A to C
Move disk 1 from B to C
Move disk 3 from A to B
Move disk 1 from C to A
Move disk 2 from C to B
Move disk 1 from A to B
Move disk 4 from A to C
Move disk 1 from B to C
Move disk 2 from B to A
Move disk 1 from C to A
Move disk 3 from B to C
Move disk 1 from A to B
Move disk 2 from A to C
Move disk 1 from B to C
Move disk 5 from A to B
Move disk 1 from C to A
Move disk 2 from C to B
Move disk 1 from A to B
Move disk 3 from C to A
Move disk 1 from B to C
Move disk 2 from B to A
Move disk 1 from C to A
Move disk 4 from C to B
Move disk 1 from A to B
Move disk 2 from A to C
Move disk 1 from B to C
Move disk 3 from A to B
Move disk 1 from C to A
Move disk 2 from C to B
Move disk 1 from A to B
Move disk 10 from A to C
Move disk 1 from B to C
Move disk 2 from B to A
Move disk 1 from C to A
Move disk 3 from B to C
Move disk 1 from A to B
Move disk 2 from A to C
Move disk 1 from B to C
Move disk 4 from B to A
Move disk 1 from C to A
Move disk 2 from C to B
Move disk 1 from A to B
Move disk 3 from C to A
Move disk 1 from B to C
Move disk 2 from B to A
Move disk 1 from C to A
Move disk 5 from B to C
Move disk 1 from A to B
Move disk 2 from A to C
Move disk 1 from B to C
Move disk 3 from A to B
Move disk 1 from C to A
Move disk 2 from C to B
Move disk 1 from A to B
Move disk 4 from A to C
Move disk 1 from B to C
Move disk 2 from B to A
Move disk 1 from C to A
Move disk 3 from B to C
Move disk 1 from A to B
Move disk 2 from A to C
Move disk 1 from B to C
Move disk 6 from B to A
Move disk 1 from C to A
Move disk 2 from C to B
Move disk 1 from A to B
Move disk 3 from C to A
Move disk 1 from B to C
Move disk 2 from B to A
Move disk 1 from C to A
Move disk 4 from C to B
Move disk 1 from A to B
Move disk 2 from A to C
Move disk 1 from B to C
Move disk 3 from A to B
Move disk 1 from C to A
Move disk 2 from C to B
Move disk 1 from A to B
Move disk 5 from C to A
Move disk 1 from B to C
Move disk 2 from B to A
Move disk 1 from C to A
Move disk 3 from B to C
Move disk 1 from A to B
Move disk 2 from A to C
Move disk 1 from B to C
Move disk 4 from B to A
Move disk 1 from C to A
Move disk 2 from C to B
Move disk 1 from A to B
Move disk 3 from C to A
Move disk 1 from B to C
Move disk 2 from B to A
Move disk 1 from C to A
Move disk 7 from B to C
Move disk 1 from A to B
Move disk 2 from A to C
Move disk 1 from B to C
Move disk 3 from A to B
Move disk 1 from C to A
Move disk 2 from C to B
Move disk 1 from A to B
Move disk 4 from A to C
Move disk 1 from B to C
Move disk 2 from B to A
Move disk 1 from C to A
Move disk 3 from B to C
Move disk 1 from A to B
Move disk 2 from A to C
Move disk 1 from B to C
Move disk 5 from A to B
Move disk 1 from C to A
Move disk 2 from C to B
Move disk 1 from A to B
Move disk 3 from C to A
Move disk 1 from B to C
Move disk 2 from B to A
Move disk 1 from C to A
Move disk 4 from C to B
Move disk 1 from A to B
Move disk 2 from A to C
Move disk 1 from B to C
Move disk 3 from A to B
Move disk 1 from C to A
Move disk 2 from C to B
Move disk 1 from A to B
Move disk 6 from A to C
Move disk 1 from B to C
Move disk 2 from B to A
Move disk 1 from C to A
Move disk 3 from B to C
Move disk 1 from A to B
Move disk 2 from A to C
Move disk 1 from B to C
Move disk 4 from B to A
Move disk 1 from C to A
Move disk 2 from C to B
Move disk 1 from A to B
Move disk 3 from C to A
Move disk 1 from B to C
Move disk 2 from B to A
Move disk 1 from C to A
Move disk 5 from B to C
Move disk 1 from A to B
Move disk 2 from A to C
Move disk 1 from B to C
Move disk 3 from A to B
Move disk 1 from C to A
Move disk 2 from C to B
Move disk 1 from A to B
Move disk 4 from A to C
Move disk 1 from B to C
Move disk 2 from B to A
Move disk 1 from C to A
Move disk 3 from B to C
Move disk 1 from A to B
Move disk 2 from A to C
Move disk 1 from B to C
Move disk 8 from B to A
Move disk 1 from C to A
Move disk 2 from C to B
Move disk 1 from A to B
Move disk 3 from C to A
Move disk 1 from B to C
Move disk 2 from B to A
Move disk 1 from C to A
Move disk 4 from C to B
Move disk 1 from A to B
Move disk 2 from A to C
Move disk 1 from B to C
Move disk 3 from A to B
Move disk 1 from C to A
Move disk 2 from C to B
Move disk 1 from A to B
Move disk 5 from C to A
Move disk 1 from B to C
Move disk 2 from B to A
Move disk 1 from C to A
Move disk 3 from B to C
Move disk 1 from A to B
Move disk 2 from A to C
Move disk 1 from B to C
Move disk 4 from B to A
Move disk 1 from C to A
Move disk 2 from C to B
Move disk 1 from A to B
Move disk 3 from C to A
Move disk 1 from B to C
Move disk 2 from B to A
Move disk 1 from C to A
Move disk 6 from C to B
Move disk 1 from A to B
Move disk 2 from A to C
Move disk 1 from B to C
Move disk 3 from A to B
Move disk 1 from C to A
Move disk 2 from C to B
Move disk 1 from A to B
Move disk 4 from A to C
Move disk 1 from B to C
Move disk 2 from B to A
Move disk 1 from C to A
Move disk 3 from B to C
Move disk 1 from A to B
Move disk 2 from A to C
Move disk 1 from B to C
Move disk 5 from A to B
Move disk 1 from C to A
Move disk 2 from C to B
Move disk 1 from A to B
Move disk 3 from C to A
Move disk 1 from B to C
Move disk 2 from B to A
Move disk 1 from C to A
Move disk 4 from C to B
Move disk 1 from A to B
Move disk 2 from A to C
Move disk 1 from B to C
Move disk 3 from A to B
Move disk 1 from C to A
Move disk 2 from C to B
Move disk 1 from A to B
Move disk 7 from C to A
Move disk 1 from B to C
Move disk 2 from B to A
Move disk 1 from C to A
Move disk 3 from B to C
Move disk 1 from A to B
Move disk 2 from A to C
Move disk 1 from B to C
Move disk 4 from B to A
Move disk 1 from C to A
Move disk 2 from C to B
Move disk 1 from A to B
Move disk 3 from C to A
Move disk 1 from B to C
Move disk 2 from B to A
Move disk 1 from C to A
Move disk 5 from B to C
Move disk 1 from A to B
Move disk 2 from A to C
Move disk 1 from B to C
Move disk 3 from A to B
Move disk 1 from C to A
Move disk 2 from C to B
Move disk 1 from A to B
Move disk 4 from A to C
Move disk 1 from B to C
Move disk 2 from B to A
Move disk 1 from C to A
Move disk 3 from B to C
Move disk 1 from A to B
Move disk 2 from A to C
Move disk 1 from B to C
Move disk 6 from B to A
Move disk 1 from C to A
Move disk 2 from C to B
Move disk 1 from A to B
Move disk 3 from C to A
Move disk 1 from B to C
Move disk 2 from B to A
Move disk 1 from C to A
Move disk 4 from C to B
Move disk 1 from A to B
Move disk 2 from A to C
Move disk 1 from B to C
Move disk 3 from A to B
Move disk 1 from C to A
Move disk 2 from C to B
Move disk 1 from A to B
Move disk 5 from C to A
Move disk 1 from B to C
Move disk 2 from B to A
Move disk 1 from C to A
Move disk 3 from B to C
Move disk 1 from A to B
Move disk 2 from A to C
Move disk 1 from B to C
Move disk 4 from B to A
Move disk 1 from C to A
Move disk 2 from C to B
Move disk 1 from A to B
Move disk 3 from C to A
Move disk 1 from B to C
Move disk 2 from B to A
Move disk 1 from C to A
Move disk 9 from B to C
Move disk 1 from A to B
Move disk 2 from A to C
Move disk 1 from B to C
Move disk 3 from A to B
Move disk 1 from C to A
Move disk 2 from C to B
Move disk 1 from A to B
Move disk 4 from A to C
Move disk 1 from B to C
Move disk 2 from B to A
Move disk 1 from C to A
Move disk 3 from B to C
Move disk 1 from A to B
Move disk 2 from A to C
Move disk 1 from B to C
Move disk 5 from A to B
Move disk 1 from C to A
Move disk 2 from C to B
Move disk 1 from A to B
Move disk 3 from C to A
Move disk 1 from B to C
Move disk 2 from B to A
Move disk 1 from C to A
Move disk 4 from C to B
Move disk 1 from A to B
Move disk 2 from A to C
Move disk 1 from B to C
Move disk 3 from A to B
Move disk 1 from C to A
Move disk 2 from C to B
Move disk 1 from A to B
Move disk 6 from A to C
Move disk 1 from B to C
Move disk 2 from B to A
Move disk 1 from C to A
Move disk 3 from B to C
Move disk 1 from A to B
Move disk 2 from A to C
Move disk 1 from B to C
Move disk 4 from B to A
Move disk 1 from C to A
Move disk 2 from C to B
Move disk 1 from A to B
Move disk 3 from C to A
Move disk 1 from B to C
Move disk 2 from B to A
Move disk 1 from C to A
Move disk 5 from B to C
Move disk 1 from A to B
Move disk 2 from A to C
Move disk 1 from B to C
Move disk 3 from A to B
Move disk 1 from C to A
Move disk 2 from C to B
Move disk 1 from A to B
Move disk 4 from A to C
Move disk 1 from B to C
Move disk 2 from B to A
Move disk 1 from C to A
Move disk 3 from B to C
Move disk 1 from A to B
Move disk 2 from A to C
Move disk 1 from B to C
Move disk 7 from A to B
Move disk 1 from C to A
Move disk 2 from C to B
Move disk 1 from A to B
Move disk 3 from C to A
Move disk 1 from B to C
Move disk 2 from B to A
Move disk 1 from C to A
Move disk 4 from C to B
Move disk 1 from A to B
Move disk 2 from A to C
Move disk 1 from B to C
Move disk 3 from A to B
Move disk 1 from C to A
Move disk 2 from C to B
Move disk 1 from A to B
Move disk 5 from C to A
Move disk 1 from B to C
Move disk 2 from B to A
Move disk 1 from C to A
Move disk 3 from B to C
Move disk 1 from A to B
Move disk 2 from A to C
Move disk 1 from B to C
Move disk 4 from B to A
Move disk 1 from C to A
Move disk 2 from C to B
Move disk 1 from A to B
Move disk 3 from C to A
Move disk 1 from B to C
Move disk 2 from B to A
Move disk 1 from C to A
Move disk 6 from C to B
Move disk 1 from A to B
Move disk 2 from A to C
Move disk 1 from B to C
Move disk 3 from A to B
Move disk 1 from C to A
Move disk 2 from C to B
Move disk 1 from A to B
Move disk 4 from A to C
Move disk 1 from B to C
Move disk 2 from B to A
Move disk 1 from C to A
Move disk 3 from B to C
Move disk 1 from A to B
Move disk 2 from A to C
Move disk 1 from B to C
Move disk 5 from A to B
Move disk 1 from C to A
Move disk 2 from C to B
Move disk 1 from A to B
Move disk 3 from C to A
Move disk 1 from B to C
Move disk 2 from B to A
Move disk 1 from C to A
Move disk 4 from C to B
Move disk 1 from A to B
Move disk 2 from A to C
Move disk 1 from B to C
Move disk 3 from A to B
Move disk 1 from C to A
Move disk 2 from C to B
Move disk 1 from A to B
Move disk 8 from A to C
Move disk 1 from B to C
Move disk 2 from B to A
Move disk 1 from C to A
Move disk 3 from B to C
Move disk 1 from A to B
Move disk 2 from A to C
Move disk 1 from B to C
Move disk 4 from B to A
Move disk 1 from C to A
Move disk 2 from C to B
Move disk 1 from A to B
Move disk 3 from C to A
Move disk 1 from B to C
Move disk 2 from B to A
Move disk 1 from C to A
Move disk 5 from B to C
Move disk 1 from A to B
Move disk 2 from A to C
Move disk 1 from B to C
Move disk 3 from A to B
Move disk 1 from C to A
Move disk 2 from C to B
Move disk 1 from A to B
Move disk 4 from A to C
Move disk 1 from B to C
Move disk 2 from B to A
Move disk 1 from C to A
Move disk 3 from B to C
Move disk 1 from A to B
Move disk 2 from A to C
Move disk 1 from B to C
Move disk 6 from B to A
Move disk 1 from C to A
Move disk 2 from C to B
Move disk 1 from A to B
Move disk 3 from C to A
Move disk 1 from B to C
Move disk 2 from B to A
Move disk 1 from C to A
Move disk 4 from C to B
Move disk 1 from A to B
Move disk 2 from A to C
Move disk 1 from B to C
Move disk 3 from A to B
Move disk 1 from C to A
Move disk 2 from C to B
Move disk 1 from A to B
Move disk 5 from C to A
Move disk 1 from B to C
Move disk 2 from B to A
Move disk 1 from C to A
Move disk 3 from B to C
Move disk 1 from A to B
Move disk 2 from A to C
Move disk 1 from B to C
Move disk 4 from B to A
Move disk 1 from C to A
Move disk 2 from C to B
Move disk 1 from A to B
Move disk 3 from C to A
Move disk 1 from B to C
Move disk 2 from B to A
Move disk 1 from C to A
Move disk 7 from B to C
Move disk 1 from A to B
Move disk 2 from A to C
Move disk 1 from B to C
Move disk 3 from A to B
Move disk 1 from C to A
Move disk 2 from C to B
Move disk 1 from A to B
Move disk 4 from A to C
Move disk 1 from B to C
Move disk 2 from B to A
Move disk 1 from C to A
Move disk 3 from B to C
Move disk 1 from A to B
Move disk 2 from A to C
Move disk 1 from B to C
Move disk 5 from A to B
Move disk 1 from C to A
Move disk 2 from C to B
Move disk 1 from A to B
Move disk 3 from C to A
Move disk 1 from B to C
Move disk 2 from B to A
Move disk 1 from C to A
Move disk 4 from C to B
Move disk 1 from A to B
Move disk 2 from A to C
Move disk 1 from B to C
Move disk 3 from A to B
Move disk 1 from C to A
Move disk 2 from C to B
Move disk 1 from A to B
Move disk 6 from A to C
Move disk 1 from B to C
Move disk 2 from B to A
Move disk 1 from C to A
Move disk 3 from B to C
Move disk 1 from A to B
Move disk 2 from A to C
Move disk 1 from B to C
Move disk 4 from B to A
Move disk 1 from C to A
Move disk 2 from C to B
Move disk 1 from A to B
Move disk 3 from C to A
Move disk 1 from B to C
Move disk 2 from B to A
Move disk 1 from C to A
Move disk 5 from B to C
Move disk 1 from A to B
Move disk 2 from A to C
Move disk 1 from B to C
Move disk 3 from A to B
Move disk 1 from C to A
Move disk 2 from C to B
Move disk 1 from A to B
Move disk 4 from A to C
Move disk 1 from B to C
Move disk 2 from B to A
Move disk 1 from C to A
Move disk 3 from B to C
Move disk 1 from A to B
Move disk 2 from A to C
Move disk 1 from B to C
Number of steps: 1023
